1714300895735:1
1714303239173:help
1714303273642:r
1714303404164:help
1714303410329:s
1714303414065:l
1714303415593:s
1714304079771:l
1714304092697:l Evgeniy
1714304097336:s
1715020577969:aa
1715021383368:bbid 1
1715353061980:bupd 1 gdfgfd 1 1
1715353076231:bupd 5 gdfgdf 1 1
1716116057067:фи
1716116059559:ab
1716116113293:bins Привет 1 1
1716116217539:aa
1716117710394:ia Пушкин
1716117730653:ig Сказки
1716117764583:bins Евгений Онегин 1 1
1716117791327:bins "Евгений Онегин" 1 1
1716117809361:фф
1716117810915:aa
1716118093289:ia Пушкин
1716118097188:aa
1716118111125:ig Драма
1716118115684:ag
1716118138871:bins "Евгений Онегин" 1 1
1716118148212:ab
1716118183261:bbid 1
1716118211010:bupd 1 "Новое название" 1 1
1716118222245:bdel 1
1716118228572:ab
1716118959906:ia "Пушкин А.С."
1716118982860:ig "Драма"
1716119012089:bins "Евгений Онегин" 1 1
1716119042678:cins "Классная книга" 1
1716119062148:acid 1
1716119092496:ac
1716119115876:cupd 1 "Книга огонь"
1716119120803:ac
1716119140956:bdel 1
1716119165691:ab
1716119175493:cdel 1
1716119182467:ac
1716119654835:ia "Пушкин"
1716120096287:ia "Пушкин А.С"
1716120114156:ig Драма
1716120142542:bins "Евгений Онегин" 1 1
1716120151452:bdel 1
1716120167370:ab
1716120176198:bins "Евгений Онегин" 1 1
1716120180995:ab
1716120190923:bbid 2
1716120213270:bupd 2 "Новая кнгига" 1 1
1716120221094:bdel 2
1716120299055:ia "Пушкин А.С"
1716120307660:ig "Драма"
1716120338999:bins "Евгений Онегин" 1 1
1716120924136:ia "Пушкин А.С"
1716120933803:ig "Драма"
1716120975069:bins "Евгений Онегин" 1 1
1716121139120:ia "Пушкин А.С"
1716121148861:ig "Драма"
1716121163824:bins "Евгений Онегин" 1 1
1716121178347:bdel 1
1716121193619:aa
1716121209515:ag
1716121215003:aa
1716121232282:ag
1716121244601:ab
1716121248722:aa
1716121251346:ag
1716121394813:ia "g"
1716121400067:ig f
1716121407027:bins gfdgd 1 1
1716121422219:bdel 1
1716121485026:ab
1716121499506:aa
1716121643620:ia 1
1716121647707:ig 1
1716121653124:bins gfdgdf 1 1
1716121662715:bdel 1
1716122916474:ia "Пушкин А.С"
1716122923990:ig "Драма"
1716122934662:bins "Евгений Онегин" 1 1
1716122946498:acid 1
1716123016757:cid 1
1716123056158:cins "Норм книга" 1
1716123077436:cupd 1 "Новый комент"
1716123100371:cid 1
1716123110570:cdel 1
1716123121635:cid 1
1716123143172:cins "Новый комент" 1
1716123154794:acid 1
1716123199324:bdel 1
1716123221723:ab
1716123230898:cid 2
1716123237402:aa
1716123241433:ag
1716123369486:cins fdfd 1
1716123665417:ia "Пушкин А.С"
1716123674859:ig "Драма"
1716123687960:bins "Евгений Онегин" 1 1
1716123709725:cins "Классная книга" 1
1716123715282:cid 1
1716123735460:acid 1
1716123752723:bdel 1
1716123769746:acid 1
1716123774546:cid 1
1716127648175:ia "Пушкин А.С."
1716127655529:ig "Драма"
1716127668429:bins "Евгений Онегин" 1 1
1716127673745:aa
1716127681473:ag
1716127700441:ab
1716127707521:ab 1
1716127718256:ab
1716129854559:ia "Пушкин А.С."
1716129860362:ig Драма
1716129877780:bins "Евгений Онегин" 1 1
1716129885354:фи
1716129887960:ab
1716129930458:bbid 1
1716130399805:ia "Пушкин А.С."
1716130406473:ig Драма
1716130418117:bins "Евгений Онегин" 1 1
1716130427887:aa
1716130437081:bbid 1
1716130466427:cins "Новый комент" 1
1716130482754:acid 1
1716130493738:cid 1
1716130649085:ia "Пушкин А.С."
1716130654889:ig Драма
1716130664980:bins "Евгений Онегин" 1 1
1716130673041:ab
1716130722629:ia "Пушкин А.С."
1716130727912:ig Драма
1716130740157:bins "Евгений Онегин" 1 1
1716130747552:ab
1716131014285:ia "Пушкин"
1716131018681:ig Драма
1716131025481:bins Ев 1 1
1716131031640:ab
1716131041018:bbid 1
1716131475709:ia Пушкин
1716131480672:ig Драма
1716131488258:bins Евгений 1 1
1716131495776:ab
1716131500817:bbid 1
1716131517049:acid 1
1716131523865:cid 1
1716131534794:cins Класс 1
1716131540762:acid 1
1716131549681:cid 1
1716131858735:ia Пушкин
1716131863848:ig Драма
1716131871831:bins Евгений 1 1
1716131874457:ab
1716131882369:bbid 1
1716131893458:cins Кдасс 1
1716131920187:cins cool 1
1716131952653:ia Пушкин
1716131956849:ig Драма
1716131963817:bins Евгений 1 1
1716131966626:ab
1716131974152:bbid 1
1716131987176:cins Новый 1
1716131994673:acid 1
1716132005016:cid 1
1716132027489:cupd 1 Старый
1716132033674:cid 1
1716132057138:bupd 1 Онегин 1 1
1716132070074:bdel 1
1716132079601:acid 1
1716132087073:cid 1
1716132295078:ia Пушкин
1716132299672:ig Драма
1716132306179:bins Ev 1 1
1716132317915:cins new 1
1716132323427:acid 1
1716132328177:cid 1
1716139428546:aa
